================================================
Time : 01:02:28
HTTP_HOST : dev.skeleton.localdev
SCRIPT_NAME : /dev/login.php
REQUEST_URI : /dev/login.php?debug=true

Severity : 8

File : C:\wamp64\www\Skeleton\lib\php\Session.php(226)

Message :
'Undefined index: user_id'

Trace :
#0 C:\wamp64\www\Skeleton\lib\php\Session.php(226): SystemCore\{closure}(8, 'Undefined index...', 'C:\\wamp64\\www\\S...', 226, Array)
#1 C:\wamp64\www\Skeleton\lib\php\Session.php(52): SystemCore\Session->update_db_session_activity()
#2 C:\wamp64\www\Skeleton\start.php(74): SystemCore\Session->__construct()
#3 C:\wamp64\www\Skeleton\dev\login.php(4): require('C:\\wamp64\\www\\S...')
#4 {main}

================================================
Time : 01:02:32
HTTP_HOST : dev.skeleton.localdev
SCRIPT_NAME : /dev/login.php
REQUEST_URI : /dev/login.php?debug=true

Severity : 8

File : C:\wamp64\www\Skeleton\lib\php\Session.php(226)

Message :
'Undefined index: user_id'

Trace :
#0 C:\wamp64\www\Skeleton\lib\php\Session.php(226): SystemCore\{closure}(8, 'Undefined index...', 'C:\\wamp64\\www\\S...', 226, Array)
#1 C:\wamp64\www\Skeleton\lib\php\Session.php(52): SystemCore\Session->update_db_session_activity()
#2 C:\wamp64\www\Skeleton\start.php(74): SystemCore\Session->__construct()
#3 C:\wamp64\www\Skeleton\dev\login.php(4): require('C:\\wamp64\\www\\S...')
#4 {main}

================================================
Time : 01:02:45
HTTP_HOST : dev.skeleton.localdev
SCRIPT_NAME : /dev/login.php
REQUEST_URI : /dev/login.php?debug=true

Severity : 8

File : C:\wamp64\www\Skeleton\lib\php\Session.php(226)

Message :
'Undefined index: user_id'

Trace :
#0 C:\wamp64\www\Skeleton\lib\php\Session.php(226): SystemCore\{closure}(8, 'Undefined index...', 'C:\\wamp64\\www\\S...', 226, Array)
#1 C:\wamp64\www\Skeleton\lib\php\Session.php(52): SystemCore\Session->update_db_session_activity()
#2 C:\wamp64\www\Skeleton\start.php(74): SystemCore\Session->__construct()
#3 C:\wamp64\www\Skeleton\dev\login.php(3): require('C:\\wamp64\\www\\S...')
#4 {main}

================================================
Time : 01:02:45
HTTP_HOST : dev.skeleton.localdev
SCRIPT_NAME : /dev/login.php
REQUEST_URI : /dev/login.php?debug=true

Severity : 8

File : C:\wamp64\www\Skeleton\lib\php\Session.php(226)

Message :
'Undefined index: user_id'

Trace :
#0 C:\wamp64\www\Skeleton\lib\php\Session.php(226): SystemCore\{closure}(8, 'Undefined index...', 'C:\\wamp64\\www\\S...', 226, Array)
#1 C:\wamp64\www\Skeleton\lib\php\Session.php(52): SystemCore\Session->update_db_session_activity()
#2 C:\wamp64\www\Skeleton\start.php(74): SystemCore\Session->__construct()
#3 C:\wamp64\www\Skeleton\dev\login.php(3): require('C:\\wamp64\\www\\S...')
#4 {main}

================================================
Time : 01:02:46
HTTP_HOST : dev.skeleton.localdev
SCRIPT_NAME : /dev/login.php
REQUEST_URI : /dev/login.php?debug=true

Severity : 8

File : C:\wamp64\www\Skeleton\lib\php\Session.php(226)

Message :
'Undefined index: user_id'

Trace :
#0 C:\wamp64\www\Skeleton\lib\php\Session.php(226): SystemCore\{closure}(8, 'Undefined index...', 'C:\\wamp64\\www\\S...', 226, Array)
#1 C:\wamp64\www\Skeleton\lib\php\Session.php(52): SystemCore\Session->update_db_session_activity()
#2 C:\wamp64\www\Skeleton\start.php(74): SystemCore\Session->__construct()
#3 C:\wamp64\www\Skeleton\dev\login.php(3): require('C:\\wamp64\\www\\S...')
#4 {main}

================================================
Time : 01:10:59
HTTP_HOST : dev.skeleton.localdev
SCRIPT_NAME : /dev/login.php
REQUEST_URI : /dev/login.php?debug=true

Severity : 8

File : C:\wamp64\www\Skeleton\dev\login.php(49)

Message :
'Undefined variable: id'

Trace :
#0 C:\wamp64\www\Skeleton\dev\login.php(49): SystemCore\{closure}(8, 'Undefined varia...', 'C:\\wamp64\\www\\S...', 49, Array)
#1 {main}

================================================
Time : 18:21:40
HTTP_HOST : dev.skeleton.localdev
SCRIPT_NAME : /dev/index.php
REQUEST_URI : /dev/?debug=true

Severity : 1

File : C:\wamp64\www\Skeleton\lib\php\Session.php(231)

Message :
'Autoloader could not find file.'

Trace :
#0 [internal function]: {closure}('SystemCore\\PDO')
#1 C:\wamp64\www\Skeleton\lib\php\Session.php(231): spl_autoload_call('SystemCore\\PDO')
#2 C:\wamp64\www\Skeleton\lib\php\Session.php(52): SystemCore\Session->update_session_user_info()
#3 C:\wamp64\www\Skeleton\start.php(74): SystemCore\Session->__construct()
#4 C:\wamp64\www\Skeleton\dev\index.php(2): require('C:\\wamp64\\www\\S...')
#5 {main}

================================================
Time : 18:26:01
HTTP_HOST : dev.skeleton.localdev
SCRIPT_NAME : /dev/index.php
REQUEST_URI : /dev/?debug=true

Severity : 2

File : C:\wamp64\www\Skeleton\lib\php\Session.php(233)

Message :
'strtotime() expects parameter 1 to be string, array given'

Trace :
#0 [internal function]: SystemCore\{closure}(2, 'strtotime() exp...', 'C:\\wamp64\\www\\S...', 233, Array)
#1 C:\wamp64\www\Skeleton\lib\php\Session.php(233): strtotime(Array)
#2 C:\wamp64\www\Skeleton\lib\php\Session.php(52): SystemCore\Session->update_session_user_info()
#3 C:\wamp64\www\Skeleton\start.php(74): SystemCore\Session->__construct()
#4 C:\wamp64\www\Skeleton\dev\index.php(2): require('C:\\wamp64\\www\\S...')
#5 {main}

================================================
Time : 18:28:33
HTTP_HOST : dev.skeleton.localdev
SCRIPT_NAME : /dev/index.php
REQUEST_URI : /dev/?debug=true

Severity : 8

File : C:\wamp64\www\Skeleton\lib\php\Session.php(234)

Message :
'A non well formed numeric value encountered'

Trace :
#0 [internal function]: SystemCore\{closure}(8, 'A non well form...', 'C:\\wamp64\\www\\S...', 234, Array)
#1 C:\wamp64\www\Skeleton\lib\php\Session.php(234): date('jS F, Y h:i:s', '2018-11-22 02:1...')
#2 C:\wamp64\www\Skeleton\lib\php\Session.php(52): SystemCore\Session->update_session_user_info()
#3 C:\wamp64\www\Skeleton\start.php(74): SystemCore\Session->__construct()
#4 C:\wamp64\www\Skeleton\dev\index.php(2): require('C:\\wamp64\\www\\S...')
#5 {main}

================================================
Time : 18:30:06
HTTP_HOST : dev.skeleton.localdev
SCRIPT_NAME : /dev/index.php
REQUEST_URI : /dev/?debug=true

Severity : 8

File : C:\wamp64\www\Skeleton\lib\php\Session.php(234)

Message :
'A non well formed numeric value encountered'

Trace :
#0 [internal function]: SystemCore\{closure}(8, 'A non well form...', 'C:\\wamp64\\www\\S...', 234, Array)
#1 C:\wamp64\www\Skeleton\lib\php\Session.php(234): date('jS F, Y', '2018-11-22 02:1...')
#2 C:\wamp64\www\Skeleton\lib\php\Session.php(52): SystemCore\Session->update_session_user_info()
#3 C:\wamp64\www\Skeleton\start.php(74): SystemCore\Session->__construct()
#4 C:\wamp64\www\Skeleton\dev\index.php(2): require('C:\\wamp64\\www\\S...')
#5 {main}

================================================
Time : 18:31:39
HTTP_HOST : dev.skeleton.localdev
SCRIPT_NAME : /dev/index.php
REQUEST_URI : /dev/?debug=true

Severity : 8

File : C:\wamp64\www\Skeleton\lib\php\Session.php(234)

Message :
'A non well formed numeric value encountered'

Trace :
#0 [internal function]: SystemCore\{closure}(8, 'A non well form...', 'C:\\wamp64\\www\\S...', 234, Array)
#1 C:\wamp64\www\Skeleton\lib\php\Session.php(234): date('jS F, Y', '2018-11-22 02:1...')
#2 C:\wamp64\www\Skeleton\lib\php\Session.php(52): SystemCore\Session->update_session_user_info()
#3 C:\wamp64\www\Skeleton\start.php(74): SystemCore\Session->__construct()
#4 C:\wamp64\www\Skeleton\dev\index.php(2): require('C:\\wamp64\\www\\S...')
#5 {main}

================================================
Time : 20:48:38
HTTP_HOST : dev.skeleton.localdev
SCRIPT_NAME : /dev/login.php
REQUEST_URI : /dev/login.php?debug=true

Severity : 2

File : C:\wamp64\www\Skeleton\lib\php\SessionFunctions.php(42)

Message :
'session_start(): The session id is too long or contains illegal characters, valid characters are a-z, A-Z, 0-9 and '-,''

Trace :
#0 [internal function]: SystemCore\{closure}(2, 'session_start()...', 'C:\\wamp64\\www\\S...', 42, Array)
#1 C:\wamp64\www\Skeleton\lib\php\SessionFunctions.php(42): session_start()
#2 C:\wamp64\www\Skeleton\lib\php\Session.php(27): SystemCore\SessionFunctions->init()
#3 C:\wamp64\www\Skeleton\start.php(74): SystemCore\Session->__construct()
#4 C:\wamp64\www\Skeleton\dev\login.php(3): require('C:\\wamp64\\www\\S...')
#5 {main}

================================================
Time : 20:50:34
HTTP_HOST : dev.skeleton.localdev
SCRIPT_NAME : /dev/index.php
REQUEST_URI : /dev/?debug=true

Severity : 8

File : C:\wamp64\www\Skeleton\lib\php\Session.php(265)

Message :
'Undefined index: last_updated'

Trace :
#0 C:\wamp64\www\Skeleton\lib\php\Session.php(265): SystemCore\{closure}(8, 'Undefined index...', 'C:\\wamp64\\www\\S...', 265, Array)
#1 C:\wamp64\www\Skeleton\lib\php\Session.php(52): SystemCore\Session->update_session_user_info()
#2 C:\wamp64\www\Skeleton\start.php(74): SystemCore\Session->__construct()
#3 C:\wamp64\www\Skeleton\dev\index.php(2): require('C:\\wamp64\\www\\S...')
#4 {main}

================================================
Time : 21:29:37
HTTP_HOST : dev.skeleton.localdev
SCRIPT_NAME : /dev/login.php
REQUEST_URI : /dev/login.php?debug=true

Severity : 8

File : C:\wamp64\www\Skeleton\lib\php\Session.php(265)

Message :
'Undefined index: last_updated'

Trace :
#0 C:\wamp64\www\Skeleton\lib\php\Session.php(265): SystemCore\{closure}(8, 'Undefined index...', 'C:\\wamp64\\www\\S...', 265, Array)
#1 C:\wamp64\www\Skeleton\lib\php\Session.php(52): SystemCore\Session->update_session_user_info()
#2 C:\wamp64\www\Skeleton\start.php(74): SystemCore\Session->__construct()
#3 C:\wamp64\www\Skeleton\dev\login.php(3): require('C:\\wamp64\\www\\S...')
#4 {main}

================================================
Time : 21:31:24
HTTP_HOST : dev.skeleton.localdev
SCRIPT_NAME : /dev/login.php
REQUEST_URI : /dev/login.php?debug=true&logout

Severity : 8

File : C:\wamp64\www\Skeleton\lib\php\Session.php(265)

Message :
'Undefined index: last_updated'

Trace :
#0 C:\wamp64\www\Skeleton\lib\php\Session.php(265): SystemCore\{closure}(8, 'Undefined index...', 'C:\\wamp64\\www\\S...', 265, Array)
#1 C:\wamp64\www\Skeleton\lib\php\Session.php(52): SystemCore\Session->update_session_user_info()
#2 C:\wamp64\www\Skeleton\start.php(74): SystemCore\Session->__construct()
#3 C:\wamp64\www\Skeleton\dev\login.php(3): require('C:\\wamp64\\www\\S...')
#4 {main}

================================================
Time : 21:31:29
HTTP_HOST : dev.skeleton.localdev
SCRIPT_NAME : /dev/login.php
REQUEST_URI : /dev/login.php?debug=true&logout

Severity : 8

File : C:\wamp64\www\Skeleton\lib\php\Session.php(265)

Message :
'Undefined index: last_updated'

Trace :
#0 C:\wamp64\www\Skeleton\lib\php\Session.php(265): SystemCore\{closure}(8, 'Undefined index...', 'C:\\wamp64\\www\\S...', 265, Array)
#1 C:\wamp64\www\Skeleton\lib\php\Session.php(52): SystemCore\Session->update_session_user_info()
#2 C:\wamp64\www\Skeleton\start.php(74): SystemCore\Session->__construct()
#3 C:\wamp64\www\Skeleton\dev\login.php(3): require('C:\\wamp64\\www\\S...')
#4 {main}

================================================
Time : 21:31:29
HTTP_HOST : dev.skeleton.localdev
SCRIPT_NAME : /dev/login.php
REQUEST_URI : /dev/login.php?debug=true&logout

Severity : 8

File : C:\wamp64\www\Skeleton\lib\php\Session.php(265)

Message :
'Undefined index: last_updated'

Trace :
#0 C:\wamp64\www\Skeleton\lib\php\Session.php(265): SystemCore\{closure}(8, 'Undefined index...', 'C:\\wamp64\\www\\S...', 265, Array)
#1 C:\wamp64\www\Skeleton\lib\php\Session.php(52): SystemCore\Session->update_session_user_info()
#2 C:\wamp64\www\Skeleton\start.php(74): SystemCore\Session->__construct()
#3 C:\wamp64\www\Skeleton\dev\login.php(3): require('C:\\wamp64\\www\\S...')
#4 {main}

================================================
Time : 21:33:02
HTTP_HOST : dev.skeleton.localdev
SCRIPT_NAME : /dev/login.php
REQUEST_URI : /dev/login.php?debug=true&logout

Severity : 8

File : C:\wamp64\www\Skeleton\dev\login.php(13)

Message :
'Undefined index: user_id'

Trace :
#0 C:\wamp64\www\Skeleton\dev\login.php(13): SystemCore\{closure}(8, 'Undefined index...', 'C:\\wamp64\\www\\S...', 13, Array)
#1 {main}

================================================
Time : 21:33:09
HTTP_HOST : dev.skeleton.localdev
SCRIPT_NAME : /dev/login.php
REQUEST_URI : /dev/login.php?debug=true

Severity : 8

File : C:\wamp64\www\Skeleton\dev\login.php(57)

Message :
'Undefined index: user_id'

Trace :
#0 C:\wamp64\www\Skeleton\dev\login.php(57): SystemCore\{closure}(8, 'Undefined index...', 'C:\\wamp64\\www\\S...', 57, Array)
#1 {main}

================================================
Time : 21:33:13
HTTP_HOST : dev.skeleton.localdev
SCRIPT_NAME : /dev/login.php
REQUEST_URI : /dev/login.php?debug=true

Severity : 8

File : C:\wamp64\www\Skeleton\dev\login.php(57)

Message :
'Undefined index: user_id'

Trace :
#0 C:\wamp64\www\Skeleton\dev\login.php(57): SystemCore\{closure}(8, 'Undefined index...', 'C:\\wamp64\\www\\S...', 57, Array)
#1 {main}

================================================
Time : 21:33:26
HTTP_HOST : dev.skeleton.localdev
SCRIPT_NAME : /dev/login.php
REQUEST_URI : /dev/login.php?debug=true

Severity : 8

File : C:\wamp64\www\Skeleton\dev\login.php(57)

Message :
'Undefined index: user_id'

Trace :
#0 C:\wamp64\www\Skeleton\dev\login.php(57): SystemCore\{closure}(8, 'Undefined index...', 'C:\\wamp64\\www\\S...', 57, Array)
#1 {main}

================================================
Time : 21:34:21
HTTP_HOST : dev.skeleton.localdev
SCRIPT_NAME : /dev/login.php
REQUEST_URI : /dev/login.php?debug=true

Severity : 8

File : C:\wamp64\www\Skeleton\lib\php\Session.php(204)

Message :
'Undefined index: user_id'

Trace :
#0 C:\wamp64\www\Skeleton\lib\php\Session.php(204): SystemCore\{closure}(8, 'Undefined index...', 'C:\\wamp64\\www\\S...', 204, Array)
#1 C:\wamp64\www\Skeleton\lib\php\Session.php(48): SystemCore\Session->session_max_quantity()
#2 C:\wamp64\www\Skeleton\start.php(74): SystemCore\Session->__construct()
#3 C:\wamp64\www\Skeleton\dev\login.php(3): require('C:\\wamp64\\www\\S...')
#4 {main}

================================================
Time : 21:35:01
HTTP_HOST : dev.skeleton.localdev
SCRIPT_NAME : /dev/login.php
REQUEST_URI : /dev/login.php?debug=true&logout

Severity : 8

File : C:\wamp64\www\Skeleton\lib\php\Session.php(204)

Message :
'Undefined index: user_id'

Trace :
#0 C:\wamp64\www\Skeleton\lib\php\Session.php(204): SystemCore\{closure}(8, 'Undefined index...', 'C:\\wamp64\\www\\S...', 204, Array)
#1 C:\wamp64\www\Skeleton\lib\php\Session.php(48): SystemCore\Session->session_max_quantity()
#2 C:\wamp64\www\Skeleton\start.php(74): SystemCore\Session->__construct()
#3 C:\wamp64\www\Skeleton\dev\login.php(3): require('C:\\wamp64\\www\\S...')
#4 {main}

================================================
Time : 21:35:17
HTTP_HOST : dev.skeleton.localdev
SCRIPT_NAME : /dev/login.php
REQUEST_URI : /dev/login.php?debug=true&logout

Severity : 8

File : C:\wamp64\www\Skeleton\lib\php\Session.php(239)

Message :
'Undefined index: user_id'

Trace :
#0 C:\wamp64\www\Skeleton\lib\php\Session.php(239): SystemCore\{closure}(8, 'Undefined index...', 'C:\\wamp64\\www\\S...', 239, Array)
#1 C:\wamp64\www\Skeleton\lib\php\Session.php(50): SystemCore\Session->update_db_session_activity()
#2 C:\wamp64\www\Skeleton\start.php(74): SystemCore\Session->__construct()
#3 C:\wamp64\www\Skeleton\dev\login.php(3): require('C:\\wamp64\\www\\S...')
#4 {main}

================================================
Time : 21:35:37
HTTP_HOST : dev.skeleton.localdev
SCRIPT_NAME : /dev/login.php
REQUEST_URI : /dev/login.php?debug=true&logout

Severity : 8

File : C:\wamp64\www\Skeleton\lib\php\Session.php(239)

Message :
'Undefined index: user_id'

Trace :
#0 C:\wamp64\www\Skeleton\lib\php\Session.php(239): SystemCore\{closure}(8, 'Undefined index...', 'C:\\wamp64\\www\\S...', 239, Array)
#1 C:\wamp64\www\Skeleton\lib\php\Session.php(50): SystemCore\Session->update_db_session_activity()
#2 C:\wamp64\www\Skeleton\start.php(74): SystemCore\Session->__construct()
#3 C:\wamp64\www\Skeleton\dev\login.php(3): require('C:\\wamp64\\www\\S...')
#4 {main}

================================================
Time : 21:35:58
HTTP_HOST : dev.skeleton.localdev
SCRIPT_NAME : /dev/login.php
REQUEST_URI : /dev/login.php?debug=true&logout

Severity : 8

File : C:\wamp64\www\Skeleton\dev\login.php(13)

Message :
'Undefined index: user_id'

Trace :
#0 C:\wamp64\www\Skeleton\dev\login.php(13): SystemCore\{closure}(8, 'Undefined index...', 'C:\\wamp64\\www\\S...', 13, Array)
#1 {main}

================================================
Time : 21:36:12
HTTP_HOST : dev.skeleton.localdev
SCRIPT_NAME : /dev/login.php
REQUEST_URI : /dev/login.php?debug=true&logout

Severity : 8

File : C:\wamp64\www\Skeleton\dev\login.php(13)

Message :
'Undefined index: user_id'

Trace :
#0 C:\wamp64\www\Skeleton\dev\login.php(13): SystemCore\{closure}(8, 'Undefined index...', 'C:\\wamp64\\www\\S...', 13, Array)
#1 {main}

================================================
Time : 21:38:18
HTTP_HOST : dev.skeleton.localdev
SCRIPT_NAME : /dev/login.php
REQUEST_URI : /dev/login.php?debug=true

Severity : 8

File : C:\wamp64\www\Skeleton\lib\php\Session.php(239)

Message :
'Undefined index: user_id'

Trace :
#0 C:\wamp64\www\Skeleton\lib\php\Session.php(239): SystemCore\{closure}(8, 'Undefined index...', 'C:\\wamp64\\www\\S...', 239, Array)
#1 C:\wamp64\www\Skeleton\lib\php\Session.php(50): SystemCore\Session->update_db_session_activity()
#2 C:\wamp64\www\Skeleton\start.php(74): SystemCore\Session->__construct()
#3 C:\wamp64\www\Skeleton\dev\login.php(3): require('C:\\wamp64\\www\\S...')
#4 {main}

================================================
Time : 21:38:21
HTTP_HOST : dev.skeleton.localdev
SCRIPT_NAME : /dev/login.php
REQUEST_URI : /dev/login.php?debug=true

Severity : 8

File : C:\wamp64\www\Skeleton\lib\php\Session.php(239)

Message :
'Undefined index: user_id'

Trace :
#0 C:\wamp64\www\Skeleton\lib\php\Session.php(239): SystemCore\{closure}(8, 'Undefined index...', 'C:\\wamp64\\www\\S...', 239, Array)
#1 C:\wamp64\www\Skeleton\lib\php\Session.php(50): SystemCore\Session->update_db_session_activity()
#2 C:\wamp64\www\Skeleton\start.php(74): SystemCore\Session->__construct()
#3 C:\wamp64\www\Skeleton\dev\login.php(3): require('C:\\wamp64\\www\\S...')
#4 {main}

================================================
Time : 21:38:28
HTTP_HOST : dev.skeleton.localdev
SCRIPT_NAME : /dev/quick_add.php
REQUEST_URI : /dev/quick_add.php?debug=true

Severity : 8

File : C:\wamp64\www\Skeleton\lib\php\Session.php(239)

Message :
'Undefined index: user_id'

Trace :
#0 C:\wamp64\www\Skeleton\lib\php\Session.php(239): SystemCore\{closure}(8, 'Undefined index...', 'C:\\wamp64\\www\\S...', 239, Array)
#1 C:\wamp64\www\Skeleton\lib\php\Session.php(50): SystemCore\Session->update_db_session_activity()
#2 C:\wamp64\www\Skeleton\start.php(74): SystemCore\Session->__construct()
#3 C:\wamp64\www\Skeleton\dev\quick_add.php(3): require('C:\\wamp64\\www\\S...')
#4 {main}

================================================
Time : 21:38:29
HTTP_HOST : dev.skeleton.localdev
SCRIPT_NAME : /dev/login.php
REQUEST_URI : /dev/login.php?debug=true

Severity : 8

File : C:\wamp64\www\Skeleton\lib\php\Session.php(239)

Message :
'Undefined index: user_id'

Trace :
#0 C:\wamp64\www\Skeleton\lib\php\Session.php(239): SystemCore\{closure}(8, 'Undefined index...', 'C:\\wamp64\\www\\S...', 239, Array)
#1 C:\wamp64\www\Skeleton\lib\php\Session.php(50): SystemCore\Session->update_db_session_activity()
#2 C:\wamp64\www\Skeleton\start.php(74): SystemCore\Session->__construct()
#3 C:\wamp64\www\Skeleton\dev\login.php(3): require('C:\\wamp64\\www\\S...')
#4 {main}

================================================
Time : 21:38:30
HTTP_HOST : dev.skeleton.localdev
SCRIPT_NAME : /dev/login.php
REQUEST_URI : /dev/login.php?debug=true&logout

Severity : 8

File : C:\wamp64\www\Skeleton\lib\php\Session.php(239)

Message :
'Undefined index: user_id'

Trace :
#0 C:\wamp64\www\Skeleton\lib\php\Session.php(239): SystemCore\{closure}(8, 'Undefined index...', 'C:\\wamp64\\www\\S...', 239, Array)
#1 C:\wamp64\www\Skeleton\lib\php\Session.php(50): SystemCore\Session->update_db_session_activity()
#2 C:\wamp64\www\Skeleton\start.php(74): SystemCore\Session->__construct()
#3 C:\wamp64\www\Skeleton\dev\login.php(3): require('C:\\wamp64\\www\\S...')
#4 {main}

================================================
Time : 21:38:32
HTTP_HOST : dev.skeleton.localdev
SCRIPT_NAME : /dev/login.php
REQUEST_URI : /dev/login.php?debug=true&logout

Severity : 8

File : C:\wamp64\www\Skeleton\lib\php\Session.php(239)

Message :
'Undefined index: user_id'

Trace :
#0 C:\wamp64\www\Skeleton\lib\php\Session.php(239): SystemCore\{closure}(8, 'Undefined index...', 'C:\\wamp64\\www\\S...', 239, Array)
#1 C:\wamp64\www\Skeleton\lib\php\Session.php(50): SystemCore\Session->update_db_session_activity()
#2 C:\wamp64\www\Skeleton\start.php(74): SystemCore\Session->__construct()
#3 C:\wamp64\www\Skeleton\dev\login.php(3): require('C:\\wamp64\\www\\S...')
#4 {main}

================================================
Time : 21:39:10
HTTP_HOST : dev.skeleton.localdev
SCRIPT_NAME : /dev/login.php
REQUEST_URI : /dev/login.php?debug=true&logout

Severity : 8

File : C:\wamp64\www\Skeleton\lib\php\Session.php(239)

Message :
'Undefined index: user_id'

Trace :
#0 C:\wamp64\www\Skeleton\lib\php\Session.php(239): SystemCore\{closure}(8, 'Undefined index...', 'C:\\wamp64\\www\\S...', 239, Array)
#1 C:\wamp64\www\Skeleton\lib\php\Session.php(50): SystemCore\Session->update_db_session_activity()
#2 C:\wamp64\www\Skeleton\start.php(74): SystemCore\Session->__construct()
#3 C:\wamp64\www\Skeleton\dev\login.php(3): require('C:\\wamp64\\www\\S...')
#4 {main}

================================================
Time : 22:29:34
HTTP_HOST : dev.skeleton.localdev
SCRIPT_NAME : /dev/login.php
REQUEST_URI : /dev/login.php?debug=true

Severity : 8

File : C:\wamp64\www\Skeleton\dev\login.php(90)

Message :
'Undefined index: simultaneous_count'

Trace :
#0 C:\wamp64\www\Skeleton\dev\login.php(90): SystemCore\{closure}(8, 'Undefined index...', 'C:\\wamp64\\www\\S...', 90, Array)
#1 {main}

