================================================
Time : 11:40:34
HTTP_HOST : dev.skeleton.localdev
SCRIPT_NAME : /login.php
REQUEST_URI : /login.php?unique=IPtqU2MwIZGoC7nI

Severity : 2

File : C:\wamp64\www\Skeleton\lib\php\CheckLogin.php(288)

Message :
'session_id() expects parameter 1 to be string, array given'

Trace :
#0 [internal function]: SystemCore\{closure}(2, 'session_id() ex...', 'C:\\wamp64\\www\\S...', 288, Array)
#1 C:\wamp64\www\Skeleton\lib\php\CheckLogin.php(288): session_id(Array)
#2 C:\wamp64\www\Skeleton\lib\php\CheckLogin.php(176): SystemCore\CheckLogin->max_session_restriction()
#3 C:\wamp64\www\Skeleton\lib\php\CheckLogin.php(37): SystemCore\CheckLogin->new_login()
#4 C:\wamp64\www\Skeleton\login.php(13): SystemCore\CheckLogin->__construct()
#5 C:\wamp64\www\Skeleton\login.php(4): Login->__construct()
#6 {main}

================================================
Time : 11:41:18
HTTP_HOST : dev.skeleton.localdev
SCRIPT_NAME : /login.php
REQUEST_URI : /login.php?unique=eNQX3qrEaiECi6jH

Severity : 2

File : C:\wamp64\www\Skeleton\lib\php\CheckLogin.php(288)

Message :
'session_id() expects parameter 1 to be string, array given'

Trace :
#0 [internal function]: SystemCore\{closure}(2, 'session_id() ex...', 'C:\\wamp64\\www\\S...', 288, Array)
#1 C:\wamp64\www\Skeleton\lib\php\CheckLogin.php(288): session_id(Array)
#2 C:\wamp64\www\Skeleton\lib\php\CheckLogin.php(176): SystemCore\CheckLogin->max_session_restriction()
#3 C:\wamp64\www\Skeleton\lib\php\CheckLogin.php(37): SystemCore\CheckLogin->new_login()
#4 C:\wamp64\www\Skeleton\login.php(13): SystemCore\CheckLogin->__construct()
#5 C:\wamp64\www\Skeleton\login.php(4): Login->__construct()
#6 {main}

================================================
Time : 11:56:50
HTTP_HOST : dev.skeleton.localdev
SCRIPT_NAME : /main.php
REQUEST_URI : /main.php

Severity : 8

File : C:\wamp64\www\Skeleton\lib\php\Session.php(326)

Message :
'Undefined index: user'

Trace :
#0 C:\wamp64\www\Skeleton\lib\php\Session.php(326): SystemCore\{closure}(8, 'Undefined index...', 'C:\\wamp64\\www\\S...', 326, Array)
#1 C:\wamp64\www\Skeleton\lib\php\Session.php(179): SystemCore\Session->session_force_logout(true)
#2 C:\wamp64\www\Skeleton\lib\php\Session.php(46): SystemCore\Session->site_ban_check()
#3 C:\wamp64\www\Skeleton\start.php(74): SystemCore\Session->__construct()
#4 C:\wamp64\www\Skeleton\main.php(2): require('C:\\wamp64\\www\\S...')
#5 {main}

================================================
Time : 12:00:02
HTTP_HOST : dev.skeleton.localdev
SCRIPT_NAME : /main.php
REQUEST_URI : /main.php

Severity : 8

File : C:\wamp64\www\Skeleton\lib\php\Session.php(326)

Message :
'Undefined index: user'

Trace :
#0 C:\wamp64\www\Skeleton\lib\php\Session.php(326): SystemCore\{closure}(8, 'Undefined index...', 'C:\\wamp64\\www\\S...', 326, Array)
#1 C:\wamp64\www\Skeleton\lib\php\Session.php(179): SystemCore\Session->session_force_logout(true)
#2 C:\wamp64\www\Skeleton\lib\php\Session.php(46): SystemCore\Session->site_ban_check()
#3 C:\wamp64\www\Skeleton\start.php(74): SystemCore\Session->__construct()
#4 C:\wamp64\www\Skeleton\main.php(2): require('C:\\wamp64\\www\\S...')
#5 {main}

================================================
Time : 12:37:01
HTTP_HOST : dev.skeleton.localdev
SCRIPT_NAME : /login.php
REQUEST_URI : /login.php?unique=om6n0QbmeGSQTcAp

Severity : 8

File : C:\wamp64\www\Skeleton\lib\php\CheckLogin.php(40)

Message :
'Undefined index: session_hash'

Trace :
#0 C:\wamp64\www\Skeleton\lib\php\CheckLogin.php(40): SystemCore\{closure}(8, 'Undefined index...', 'C:\\wamp64\\www\\S...', 40, Array)
#1 C:\wamp64\www\Skeleton\login.php(13): SystemCore\CheckLogin->__construct()
#2 C:\wamp64\www\Skeleton\login.php(4): Login->__construct()
#3 {main}

================================================
Time : 16:20:35
HTTP_HOST : dev.skeleton.localdev
SCRIPT_NAME : /signup.php
REQUEST_URI : /signup.php

Severity : 8

File : C:\wamp64\www\Skeleton\signup.php(48)

Message :
'Undefined variable: prefill'

Trace :
#0 C:\wamp64\www\Skeleton\signup.php(48): SystemCore\{closure}(8, 'Undefined varia...', 'C:\\wamp64\\www\\S...', 48, Array)
#1 C:\wamp64\www\Skeleton\signup.php(23): Login->HTML()
#2 C:\wamp64\www\Skeleton\signup.php(4): Login->__construct()
#3 {main}

================================================
Time : 20:06:21
HTTP_HOST : dev.skeleton.localdev
SCRIPT_NAME : /signup.php
REQUEST_URI : /signup.php?unique=Ze02CxQKSBGOnPj4

Severity : 8

File : C:\wamp64\www\Skeleton\lib\php\email.php(106)

Message :
'Undefined variable: entry'

Trace :
#0 C:\wamp64\www\Skeleton\lib\php\email.php(106): SystemCore\{closure}(8, 'Undefined varia...', 'C:\\wamp64\\www\\S...', 106, Array)
#1 C:\wamp64\www\Skeleton\lib\php\SignupEmail.php(14): SystemCore\email->to('travis.gammage@...')
#2 C:\wamp64\www\Skeleton\lib\php\CheckSignup.php(179): SystemCore\SignupEmail->__construct()
#3 C:\wamp64\www\Skeleton\lib\php\CheckSignup.php(157): SystemCore\CheckSignup->new_user_email()
#4 C:\wamp64\www\Skeleton\lib\php\CheckSignup.php(37): SystemCore\CheckSignup->add_user()
#5 C:\wamp64\www\Skeleton\signup.php(18): SystemCore\CheckSignup->__construct()
#6 C:\wamp64\www\Skeleton\signup.php(4): Signup->__construct()
#7 {main}

================================================
Time : 20:06:49
HTTP_HOST : dev.skeleton.localdev
SCRIPT_NAME : /signup.php
REQUEST_URI : /signup.php?unique=Ze02CxQKSBGOnPj4

Severity : 8

File : C:\wamp64\www\Skeleton\lib\php\email.php(86)

Message :
'Use of undefined constant MIME_VERSION - assumed 'MIME_VERSION''

Trace :
#0 C:\wamp64\www\Skeleton\lib\php\email.php(86): SystemCore\{closure}(8, 'Use of undefine...', 'C:\\wamp64\\www\\S...', 86, Array)
#1 C:\wamp64\www\Skeleton\lib\php\email.php(54): SystemCore\email->set_headers()
#2 C:\wamp64\www\Skeleton\lib\php\SignupEmail.php(18): SystemCore\email->send()
#3 C:\wamp64\www\Skeleton\lib\php\CheckSignup.php(179): SystemCore\SignupEmail->__construct()
#4 C:\wamp64\www\Skeleton\lib\php\CheckSignup.php(157): SystemCore\CheckSignup->new_user_email()
#5 C:\wamp64\www\Skeleton\lib\php\CheckSignup.php(37): SystemCore\CheckSignup->add_user()
#6 C:\wamp64\www\Skeleton\signup.php(18): SystemCore\CheckSignup->__construct()
#7 C:\wamp64\www\Skeleton\signup.php(4): Signup->__construct()
#8 {main}

