================================================
Time : 21:02:30
HTTP_HOST : dev.skeleton.localdev
SCRIPT_NAME : /dev/login.php
REQUEST_URI : /dev/login?debug=true

Severity : 8

File : C:\wamp64\www\Skeleton\dev\login.php(7)

Message :
'Undefined index: logout'

Trace :
#0 C:\wamp64\www\Skeleton\dev\login.php(7): SystemCore\{closure}(8, 'Undefined index...', 'C:\\wamp64\\www\\S...', 7, Array)
#1 {main}

================================================
Time : 21:02:58
HTTP_HOST : dev.skeleton.localdev
SCRIPT_NAME : /dev/login.php
REQUEST_URI : /dev/login?debug=true

Severity : 8

File : C:\wamp64\www\Skeleton\dev\login.php(7)

Message :
'Undefined index: logout'

Trace :
#0 C:\wamp64\www\Skeleton\dev\login.php(7): SystemCore\{closure}(8, 'Undefined index...', 'C:\\wamp64\\www\\S...', 7, Array)
#1 {main}

================================================
Time : 21:08:22
HTTP_HOST : dev.skeleton.localdev
SCRIPT_NAME : /dev/login.php
REQUEST_URI : /dev/login?debug=true

Severity : 8

File : C:\wamp64\www\Skeleton\dev\login.php(48)

Message :
'Undefined index: id'

Trace :
#0 C:\wamp64\www\Skeleton\dev\login.php(48): SystemCore\{closure}(8, 'Undefined index...', 'C:\\wamp64\\www\\S...', 48, Array)
#1 {main}

================================================
Time : 21:08:35
HTTP_HOST : dev.skeleton.localdev
SCRIPT_NAME : /dev/login.php
REQUEST_URI : /dev/login?debug=true

Severity : 8

File : C:\wamp64\www\Skeleton\dev\login.php(48)

Message :
'Undefined index: id'

Trace :
#0 C:\wamp64\www\Skeleton\dev\login.php(48): SystemCore\{closure}(8, 'Undefined index...', 'C:\\wamp64\\www\\S...', 48, Array)
#1 {main}

================================================
Time : 21:09:37
HTTP_HOST : dev.skeleton.localdev
SCRIPT_NAME : /dev/login.php
REQUEST_URI : /dev/login?debug=true

Severity : 8

File : C:\wamp64\www\Skeleton\dev\login.php(48)

Message :
'Undefined index: id'

Trace :
#0 C:\wamp64\www\Skeleton\dev\login.php(48): SystemCore\{closure}(8, 'Undefined index...', 'C:\\wamp64\\www\\S...', 48, Array)
#1 {main}

================================================
Time : 21:23:31
HTTP_HOST : dev.skeleton.localdev
SCRIPT_NAME : /dev/login.php
REQUEST_URI : /dev/login?debug=true

Severity : 8

File : C:\wamp64\www\Skeleton\dev\login.php(49)

Message :
'Undefined index: id'

Trace :
#0 C:\wamp64\www\Skeleton\dev\login.php(49): SystemCore\{closure}(8, 'Undefined index...', 'C:\\wamp64\\www\\S...', 49, Array)
#1 {main}

================================================
Time : 21:24:55
HTTP_HOST : dev.skeleton.localdev
SCRIPT_NAME : /dev/login.php
REQUEST_URI : /dev/login?debug=true

Severity : 8

File : C:\wamp64\www\Skeleton\dev\login.php(49)

Message :
'Undefined index: id'

Trace :
#0 C:\wamp64\www\Skeleton\dev\login.php(49): SystemCore\{closure}(8, 'Undefined index...', 'C:\\wamp64\\www\\S...', 49, Array)
#1 {main}

================================================
Time : 22:59:02
HTTP_HOST : dev.skeleton.localdev
SCRIPT_NAME : /dev/quick_add.php
REQUEST_URI : /dev/quick_add.php?debug=true

Severity : 1

File : C:\wamp64\www\Skeleton\dev\quick_add.php(14)

Message :
'Autoloader could not find file.'

Trace :
#0 [internal function]: {closure}('PepperPassword')
#1 C:\wamp64\www\Skeleton\dev\quick_add.php(14): spl_autoload_call('PepperPassword')
#2 {main}

================================================
Time : 22:59:49
HTTP_HOST : dev.skeleton.localdev
SCRIPT_NAME : /dev/quick_add.php
REQUEST_URI : /dev/quick_add.php?debug=true

Severity : 2

File : C:\wamp64\www\Skeleton\lib\php\PepperedPassword.php(39)

Message :
'password_hash() expects parameter 3 to be array, integer given'

Trace :
#0 [internal function]: SystemCore\{closure}(2, 'password_hash()...', 'C:\\wamp64\\www\\S...', 39, Array)
#1 C:\wamp64\www\Skeleton\lib\php\PepperedPassword.php(39): password_hash('\xB2\x86\xF2\xBD\x9CLWJ\x1C\xC3u\xCD\x9F\xAE\v...', 1, 10)
#2 C:\wamp64\www\Skeleton\dev\quick_add.php(16): SystemCore\PepperedPassword->hash('Iamthe1!')
#3 {main}

