================================================
Time : 17:20:57
HTTP_HOST : dev.skeleton.localdev
SCRIPT_NAME : /dev/index.php
REQUEST_URI : /dev/?debug=true

Severity : 1

File : C:\wamp64\www\Skeleton\dev\index.php(4)

Message :
'Autoloader could not find file.'

Trace :
#0 [internal function]: {closure}('HTML\\Frame')
#1 C:\wamp64\www\Skeleton\dev\index.php(4): spl_autoload_call('HTML\\Frame')
#2 {main}

================================================
Time : 17:22:29
HTTP_HOST : dev.skeleton.localdev
SCRIPT_NAME : /dev/index.php
REQUEST_URI : /dev/?debug=true

Severity : 1

File : C:\wamp64\www\Skeleton\dev\index.php(4)

Message :
'Autoloader could not find file.'

Trace :
#0 [internal function]: {closure}('HTML\\Frame')
#1 C:\wamp64\www\Skeleton\dev\index.php(4): spl_autoload_call('HTML\\Frame')
#2 {main}

================================================
Time : 17:25:52
HTTP_HOST : dev.skeleton.localdev
SCRIPT_NAME : /dev/index.php
REQUEST_URI : /dev/?debug=true

Severity : 1

File : C:\wamp64\www\Skeleton\dev\index.php(4)

Message :
'Autoloader could not find file.'

Trace :
#0 [internal function]: {closure}('HTML\\Frame')
#1 C:\wamp64\www\Skeleton\dev\index.php(4): spl_autoload_call('HTML\\Frame')
#2 {main}

================================================
Time : 17:26:52
HTTP_HOST : dev.skeleton.localdev
SCRIPT_NAME : /dev/index.php
REQUEST_URI : /dev/?debug=true

Severity : 1

File : C:\wamp64\www\Skeleton\dev\index.php(4)

Message :
'Autoloader could not find file.'

Trace :
#0 [internal function]: {closure}('HTML\\Frame')
#1 C:\wamp64\www\Skeleton\dev\index.php(4): spl_autoload_call('HTML\\Frame')
#2 {main}

================================================
Time : 17:27:15
HTTP_HOST : dev.skeleton.localdev
SCRIPT_NAME : /dev/index.php
REQUEST_URI : /dev/?debug=true

Severity : 1

File : C:\wamp64\www\Skeleton\dev\index.php(4)

Message :
'Autoloader could not find file.'

Trace :
#0 [internal function]: {closure}('HTML\\Frame')
#1 C:\wamp64\www\Skeleton\dev\index.php(4): spl_autoload_call('HTML\\Frame')
#2 {main}

================================================
Time : 17:27:27
HTTP_HOST : dev.skeleton.localdev
SCRIPT_NAME : /dev/index.php
REQUEST_URI : /dev/?debug=true

Severity : 1

File : C:\wamp64\www\Skeleton\dev\index.php(4)

Message :
'Autoloader could not find file.'

Trace :
#0 [internal function]: {closure}('HTML\\Frame')
#1 C:\wamp64\www\Skeleton\dev\index.php(4): spl_autoload_call('HTML\\Frame')
#2 {main}

================================================
Time : 17:27:28
HTTP_HOST : dev.skeleton.localdev
SCRIPT_NAME : /dev/index.php
REQUEST_URI : /dev/?debug=true

Severity : 1

File : C:\wamp64\www\Skeleton\dev\index.php(4)

Message :
'Autoloader could not find file.'

Trace :
#0 [internal function]: {closure}('HTML\\Frame')
#1 C:\wamp64\www\Skeleton\dev\index.php(4): spl_autoload_call('HTML\\Frame')
#2 {main}

================================================
Time : 17:33:44
HTTP_HOST : dev.skeleton.localdev
SCRIPT_NAME : /dev/index.php
REQUEST_URI : /dev/?debug=true

Severity : 8

File : C:\wamp64\www\Skeleton\lib\php\autoloader.php(14)

Message :
'Undefined variable: class'

Trace :
#0 C:\wamp64\www\Skeleton\lib\php\autoloader.php(14): SystemCore\{closure}(8, 'Undefined varia...', 'C:\\wamp64\\www\\S...', 14, Array)
#1 [internal function]: {closure}('SystemCore\\Sess...')
#2 C:\wamp64\www\Skeleton\start.php(74): spl_autoload_call('SystemCore\\Sess...')
#3 C:\wamp64\www\Skeleton\dev\index.php(2): require('C:\\wamp64\\www\\S...')
#4 {main}

================================================
Time : 17:33:59
HTTP_HOST : dev.skeleton.localdev
SCRIPT_NAME : /dev/index.php
REQUEST_URI : /dev/?debug=true

Severity : 8

File : C:\wamp64\www\Skeleton\lib\php\autoloader.php(36)

Message :
'Undefined variable: class'

Trace :
#0 C:\wamp64\www\Skeleton\lib\php\autoloader.php(36): SystemCore\{closure}(8, 'Undefined varia...', 'C:\\wamp64\\www\\S...', 36, Array)
#1 [internal function]: {closure}('SystemCore\\Sess...')
#2 C:\wamp64\www\Skeleton\start.php(74): spl_autoload_call('SystemCore\\Sess...')
#3 C:\wamp64\www\Skeleton\dev\index.php(2): require('C:\\wamp64\\www\\S...')
#4 {main}

================================================
Time : 17:34:59
HTTP_HOST : dev.skeleton.localdev
SCRIPT_NAME : /dev/index.php
REQUEST_URI : /dev/?debug=true

Severity : 8

File : C:\wamp64\www\Skeleton\lib\php\autoloader.php(36)

Message :
'Undefined variable: class'

Trace :
#0 C:\wamp64\www\Skeleton\lib\php\autoloader.php(36): SystemCore\{closure}(8, 'Undefined varia...', 'C:\\wamp64\\www\\S...', 36, Array)
#1 [internal function]: {closure}('SystemCore\\Sess...')
#2 C:\wamp64\www\Skeleton\start.php(74): spl_autoload_call('SystemCore\\Sess...')
#3 C:\wamp64\www\Skeleton\dev\index.php(2): require('C:\\wamp64\\www\\S...')
#4 {main}

================================================
Time : 17:36:14
HTTP_HOST : dev.skeleton.localdev
SCRIPT_NAME : /dev/index.php
REQUEST_URI : /dev/?debug=true

Severity : 1

File : C:\wamp64\www\Skeleton\dev\index.php(4)

Message :
'Autoloader could not find file.'

Trace :
#0 [internal function]: {closure}('Test\\With\\Multi...')
#1 C:\wamp64\www\Skeleton\dev\index.php(4): spl_autoload_call('Test\\With\\Multi...')
#2 {main}

================================================
Time : 17:36:37
HTTP_HOST : dev.skeleton.localdev
SCRIPT_NAME : /dev/index.php
REQUEST_URI : /dev/?debug=true

Severity : 1

File : C:\wamp64\www\Skeleton\dev\index.php(4)

Message :
'Autoloader could not find file.'

Trace :
#0 [internal function]: {closure}('Test\\With\\Multi...')
#1 C:\wamp64\www\Skeleton\dev\index.php(4): spl_autoload_call('Test\\With\\Multi...')
#2 {main}

================================================
Time : 17:38:08
HTTP_HOST : dev.skeleton.localdev
SCRIPT_NAME : /dev/index.php
REQUEST_URI : /dev/?debug=true

Severity : 8

File : C:\wamp64\www\Skeleton\lib\html\Frame.php(69)

Message :
'Undefined variable: title'

Trace :
#0 C:\wamp64\www\Skeleton\lib\html\Frame.php(69): SystemCore\{closure}(8, 'Undefined varia...', 'C:\\wamp64\\www\\S...', 69, Array)
#1 C:\wamp64\www\Skeleton\lib\html\Frame.php(36): HTML\Frame->head()
#2 C:\wamp64\www\Skeleton\dev\index.php(6): HTML\Frame->begin()
#3 {main}

================================================
Time : 20:33:12
HTTP_HOST : dev.skeleton.localdev
SCRIPT_NAME : /dev/index.php
REQUEST_URI : /dev/?debug=true

Severity : 2

File : C:\wamp64\www\Skeleton\lib\php\autoloader.php(57)

Message :
'require(C:\wamp64\www\Skeleton\dev): failed to open stream: Permission denied'

Trace :
#0 C:\wamp64\www\Skeleton\lib\php\autoloader.php(57): SystemCore\{closure}(2, 'require(C:\\wamp...', 'C:\\wamp64\\www\\S...', 57, Array)
#1 C:\wamp64\www\Skeleton\lib\php\autoloader.php(57): require()
#2 C:\wamp64\www\Skeleton\start.php(64): require('C:\\wamp64\\www\\S...')
#3 C:\wamp64\www\Skeleton\dev\index.php(2): require('C:\\wamp64\\www\\S...')
#4 {main}

================================================
Time : 20:33:48
HTTP_HOST : dev.skeleton.localdev
SCRIPT_NAME : /dev/index.php
REQUEST_URI : /dev/?debug=true

Severity : 2

File : C:\wamp64\www\Skeleton\lib\php\autoloader.php(57)

Message :
'require(C:/wamp64/www/Skeleton\devdebug.php): failed to open stream: No such file or directory'

Trace :
#0 C:\wamp64\www\Skeleton\lib\php\autoloader.php(57): SystemCore\{closure}(2, 'require(C:/wamp...', 'C:\\wamp64\\www\\S...', 57, Array)
#1 C:\wamp64\www\Skeleton\lib\php\autoloader.php(57): require()
#2 C:\wamp64\www\Skeleton\start.php(64): require('C:\\wamp64\\www\\S...')
#3 C:\wamp64\www\Skeleton\dev\index.php(2): require('C:\\wamp64\\www\\S...')
#4 {main}

