================================================
Time : 01:07:51
HTTP_HOST : dev.skeleton.localdev
SCRIPT_NAME : /login.php
REQUEST_URI : /login.php?logout&unique=MtNRweReVTfgGE18wGx5kPS8Q0zNBuWP

Severity : 8

File : C:\wamp64\www\Skeleton\lib\php\CheckLogout.php(52)

Message :
'Undefined index: login'

Trace :
#0 C:\wamp64\www\Skeleton\lib\php\CheckLogout.php(52): SystemCore\{closure}(8, 'Undefined index...', 'C:\\wamp64\\www\\S...', 52, Array)
#1 C:\wamp64\www\Skeleton\lib\php\CheckLogout.php(20): SystemCore\CheckLogout->key_check()
#2 C:\wamp64\www\Skeleton\login.php(20): SystemCore\CheckLogout->__construct()
#3 C:\wamp64\www\Skeleton\login.php(4): Login->__construct()
#4 {main}

================================================
Time : 01:08:03
HTTP_HOST : dev.skeleton.localdev
SCRIPT_NAME : /login.php
REQUEST_URI : /login.php?logout&unique=MtNRweReVTfgGE18wGx5kPS8Q0zNBuWP

Severity : 8

File : C:\wamp64\www\Skeleton\lib\php\Session.php(299)

Message :
'Undefined property: SystemCore\Session::$db'

Trace :
#0 C:\wamp64\www\Skeleton\lib\php\Session.php(299): SystemCore\{closure}(8, 'Undefined prope...', 'C:\\wamp64\\www\\S...', 299, Array)
#1 C:\wamp64\www\Skeleton\lib\php\CheckLogout.php(24): SystemCore\Session->session_force_logout()
#2 C:\wamp64\www\Skeleton\login.php(20): SystemCore\CheckLogout->__construct()
#3 C:\wamp64\www\Skeleton\login.php(4): Login->__construct()
#4 {main}

