================================================
Time : 21:52:59
HTTP_HOST : dev.skeleton.localdev
SCRIPT_NAME : /account_recovery.php
REQUEST_URI : /account_recovery.php

Severity : 2

File : /var/www/Skeleton/lib/php/SessionFunctions.php(39)

Message :
'session_start(): open(/var/www/Skeleton/log/session/sess_gm1i7uq91qb7tqvi6f88qnr3r0, O_RDWR) failed: Permission denied (13)'

Trace :
#0 [internal function]: SystemCore\{closure}(2, 'session_start()...', '/var/www/Skelet...', 39, Array)
#1 /var/www/Skeleton/lib/php/SessionFunctions.php(39): session_start()
#2 /var/www/Skeleton/lib/php/Session.php(27): SystemCore\SessionFunctions->init()
#3 /var/www/Skeleton/start.php(73): SystemCore\Session->__construct()
#4 /var/www/Skeleton/account_recovery.php(3): require('/var/www/Skelet...')
#5 {main}

================================================
Time : 21:56:16
HTTP_HOST : dev.skeleton.localdev
SCRIPT_NAME : /account_recovery.php
REQUEST_URI : /account_recovery.php

Severity : 2

File : /var/www/Skeleton/lib/php/SessionFunctions.php(39)

Message :
'session_start(): open(/var/www/Skeleton/log/session/sess_gm1i7uq91qb7tqvi6f88qnr3r0, O_RDWR) failed: Permission denied (13)'

Trace :
#0 [internal function]: SystemCore\{closure}(2, 'session_start()...', '/var/www/Skelet...', 39, Array)
#1 /var/www/Skeleton/lib/php/SessionFunctions.php(39): session_start()
#2 /var/www/Skeleton/lib/php/Session.php(27): SystemCore\SessionFunctions->init()
#3 /var/www/Skeleton/start.php(73): SystemCore\Session->__construct()
#4 /var/www/Skeleton/account_recovery.php(3): require('/var/www/Skelet...')
#5 {main}

================================================
Time : 21:57:16
HTTP_HOST : dev.skeleton.localdev
SCRIPT_NAME : /account_recovery.php
REQUEST_URI : /account_recovery.php

Severity : 2

File : /var/www/Skeleton/lib/php/SessionFunctions.php(40)

Message :
'session_start(): open(/var/www/Skeleton/log/session/sess_gm1i7uq91qb7tqvi6f88qnr3r0, O_RDWR) failed: Permission denied (13)'

Trace :
#0 [internal function]: SystemCore\{closure}(2, 'session_start()...', '/var/www/Skelet...', 40, Array)
#1 /var/www/Skeleton/lib/php/SessionFunctions.php(40): session_start()
#2 /var/www/Skeleton/lib/php/Session.php(27): SystemCore\SessionFunctions->init()
#3 /var/www/Skeleton/start.php(73): SystemCore\Session->__construct()
#4 /var/www/Skeleton/account_recovery.php(3): require('/var/www/Skelet...')
#5 {main}

================================================
Time : 21:57:41
HTTP_HOST : dev.skeleton.localdev
SCRIPT_NAME : /account_recovery.php
REQUEST_URI : /account_recovery.php

Severity : 2

File : /var/www/Skeleton/lib/php/SessionFunctions.php(40)

Message :
'session_start(): open(/var/www/Skeleton/log/session/sess_gm1i7uq91qb7tqvi6f88qnr3r0, O_RDWR) failed: Permission denied (13)'

Trace :
#0 [internal function]: SystemCore\{closure}(2, 'session_start()...', '/var/www/Skelet...', 40, Array)
#1 /var/www/Skeleton/lib/php/SessionFunctions.php(40): session_start()
#2 /var/www/Skeleton/lib/php/Session.php(27): SystemCore\SessionFunctions->init()
#3 /var/www/Skeleton/start.php(73): SystemCore\Session->__construct()
#4 /var/www/Skeleton/account_recovery.php(3): require('/var/www/Skelet...')
#5 {main}

================================================
Time : 23:42:55
HTTP_HOST : dev.skeleton.localdev
SCRIPT_NAME : /signup.php
REQUEST_URI : /signup.php?unique=UaMJBgt23SZKuam6

Severity : 1

File : /var/www/Skeleton/lib/php/CheckSignup.php(216)

Message :
'Autoloader could not find file : /var/www/Skeleton/lib/php/DateTime.php'

Trace :
#0 [internal function]: {closure}('SystemCore\\Date...')
#1 /var/www/Skeleton/lib/php/CheckSignup.php(216): spl_autoload_call('SystemCore\\Date...')
#2 /var/www/Skeleton/lib/php/CheckSignup.php(153): SystemCore\CheckSignup->new_member_database_insertions()
#3 /var/www/Skeleton/lib/php/CheckSignup.php(36): SystemCore\CheckSignup->add_member()
#4 /var/www/Skeleton/signup.php(18): SystemCore\CheckSignup->__construct()
#5 /var/www/Skeleton/signup.php(4): Signup->__construct()
#6 {main}

