================================================
Time : 00:39:17
HTTP_HOST : dev.skeleton.localdev
SCRIPT_NAME : /login.php
REQUEST_URI : /login.php?unique=WTesMYV3FNtlXQuF

Severity : 1

File : C:\wamp64\www\Skeleton\lib\php\CheckLogin.php(191)

Message :
'Autoloader could not find file.'

Trace :
#0 [internal function]: {closure}('SystemCore\\Pepp...')
#1 C:\wamp64\www\Skeleton\lib\php\CheckLogin.php(191): spl_autoload_call('SystemCore\\Pepp...')
#2 C:\wamp64\www\Skeleton\lib\php\CheckLogin.php(38): SystemCore\CheckLogin->PasswordCheck()
#3 C:\wamp64\www\Skeleton\login.php(13): SystemCore\CheckLogin->__construct()
#4 C:\wamp64\www\Skeleton\login.php(4): Login->__construct()
#5 {main}

================================================
Time : 00:39:55
HTTP_HOST : dev.skeleton.localdev
SCRIPT_NAME : /login.php
REQUEST_URI : /login.php?unique=WTesMYV3FNtlXQuF

Severity : 1

File : C:\wamp64\www\Skeleton\lib\php\CheckLogin.php(191)

Message :
'Autoloader could not find file.'

Trace :
#0 [internal function]: {closure}('SystemCore\\Pepp...')
#1 C:\wamp64\www\Skeleton\lib\php\CheckLogin.php(191): spl_autoload_call('SystemCore\\Pepp...')
#2 C:\wamp64\www\Skeleton\lib\php\CheckLogin.php(38): SystemCore\CheckLogin->PasswordCheck()
#3 C:\wamp64\www\Skeleton\login.php(13): SystemCore\CheckLogin->__construct()
#4 C:\wamp64\www\Skeleton\login.php(4): Login->__construct()
#5 {main}

================================================
Time : 00:39:56
HTTP_HOST : dev.skeleton.localdev
SCRIPT_NAME : /login.php
REQUEST_URI : /login.php?unique=WTesMYV3FNtlXQuF

Severity : 1

File : C:\wamp64\www\Skeleton\lib\php\CheckLogin.php(191)

Message :
'Autoloader could not find file.'

Trace :
#0 [internal function]: {closure}('SystemCore\\Pepp...')
#1 C:\wamp64\www\Skeleton\lib\php\CheckLogin.php(191): spl_autoload_call('SystemCore\\Pepp...')
#2 C:\wamp64\www\Skeleton\lib\php\CheckLogin.php(38): SystemCore\CheckLogin->PasswordCheck()
#3 C:\wamp64\www\Skeleton\login.php(13): SystemCore\CheckLogin->__construct()
#4 C:\wamp64\www\Skeleton\login.php(4): Login->__construct()
#5 {main}

================================================
Time : 00:40:03
HTTP_HOST : dev.skeleton.localdev
SCRIPT_NAME : /login.php
REQUEST_URI : /login.php?unique=WTesMYV3FNtlXQuF

Severity : 1

File : C:\wamp64\www\Skeleton\lib\php\CheckLogin.php(191)

Message :
'Autoloader could not find file.'

Trace :
#0 [internal function]: {closure}('SystemCore\\Pepp...')
#1 C:\wamp64\www\Skeleton\lib\php\CheckLogin.php(191): spl_autoload_call('SystemCore\\Pepp...')
#2 C:\wamp64\www\Skeleton\lib\php\CheckLogin.php(38): SystemCore\CheckLogin->PasswordCheck()
#3 C:\wamp64\www\Skeleton\login.php(13): SystemCore\CheckLogin->__construct()
#4 C:\wamp64\www\Skeleton\login.php(4): Login->__construct()
#5 {main}

================================================
Time : 18:20:56
HTTP_HOST : dev.skeleton.localdev
SCRIPT_NAME : /login.php
REQUEST_URI : /login.php?unique=WTesMYV3FNtlXQuF

Severity : 8

File : C:\wamp64\www\Skeleton\lib\php\CheckLogin.php(200)

Message :
'Undefined variable: access'

Trace :
#0 C:\wamp64\www\Skeleton\lib\php\CheckLogin.php(200): SystemCore\{closure}(8, 'Undefined varia...', 'C:\\wamp64\\www\\S...', 200, Array)
#1 C:\wamp64\www\Skeleton\lib\php\CheckLogin.php(39): SystemCore\CheckLogin->password_check()
#2 C:\wamp64\www\Skeleton\login.php(13): SystemCore\CheckLogin->__construct()
#3 C:\wamp64\www\Skeleton\login.php(4): Login->__construct()
#4 {main}

================================================
Time : 18:21:15
HTTP_HOST : dev.skeleton.localdev
SCRIPT_NAME : /login.php
REQUEST_URI : /login.php?unique=WTesMYV3FNtlXQuF

Severity : 8192

File : C:\wamp64\www\Skeleton\lib\php\CheckLogin.php(223)

Message :
'Non-static method SystemCore\SessionFunctions::session_kill() should not be called statically'

Trace :
#0 C:\wamp64\www\Skeleton\lib\php\CheckLogin.php(223): SystemCore\{closure}(8192, 'Non-static meth...', 'C:\\wamp64\\www\\S...', 223, Array)
#1 C:\wamp64\www\Skeleton\lib\php\CheckLogin.php(46): SystemCore\CheckLogin->generate_new_session()
#2 C:\wamp64\www\Skeleton\login.php(13): SystemCore\CheckLogin->__construct()
#3 C:\wamp64\www\Skeleton\login.php(4): Login->__construct()
#4 {main}

================================================
Time : 19:58:38
HTTP_HOST : dev.skeleton.localdev
SCRIPT_NAME : /login.php
REQUEST_URI : /login.php?unique=ovypJM2F5YnPpoiN

Severity : 8

File : C:\wamp64\www\Skeleton\lib\php\CheckLogin.php(277)

Message :
'Undefined variable: id'

Trace :
#0 C:\wamp64\www\Skeleton\lib\php\CheckLogin.php(277): SystemCore\{closure}(8, 'Undefined varia...', 'C:\\wamp64\\www\\S...', 277, Array)
#1 C:\wamp64\www\Skeleton\lib\php\CheckLogin.php(220): SystemCore\CheckLogin->session_criticals()
#2 C:\wamp64\www\Skeleton\lib\php\CheckLogin.php(46): SystemCore\CheckLogin->new_login()
#3 C:\wamp64\www\Skeleton\login.php(13): SystemCore\CheckLogin->__construct()
#4 C:\wamp64\www\Skeleton\login.php(4): Login->__construct()
#5 {main}

================================================
Time : 19:59:22
HTTP_HOST : dev.skeleton.localdev
SCRIPT_NAME : /login.php
REQUEST_URI : /login.php?unique=DQLGTdgNOiAAL9uq

Severity : 8

File : C:\wamp64\www\Skeleton\lib\php\CheckLogin.php(279)

Message :
'Undefined variable: db'

Trace :
#0 C:\wamp64\www\Skeleton\lib\php\CheckLogin.php(279): SystemCore\{closure}(8, 'Undefined varia...', 'C:\\wamp64\\www\\S...', 279, Array)
#1 C:\wamp64\www\Skeleton\lib\php\CheckLogin.php(220): SystemCore\CheckLogin->session_criticals()
#2 C:\wamp64\www\Skeleton\lib\php\CheckLogin.php(46): SystemCore\CheckLogin->new_login()
#3 C:\wamp64\www\Skeleton\login.php(13): SystemCore\CheckLogin->__construct()
#4 C:\wamp64\www\Skeleton\login.php(4): Login->__construct()
#5 {main}

================================================
Time : 20:00:08
HTTP_HOST : dev.skeleton.localdev
SCRIPT_NAME : /login.php
REQUEST_URI : /login.php?unique=wKt6usBMdefrr0nf

Severity : 1

File : C:\wamp64\www\Skeleton\lib\php\CheckLogin.php(279)

Message :
'Autoloader could not find file.'

Trace :
#0 [internal function]: {closure}('SystemCore\\PDO')
#1 C:\wamp64\www\Skeleton\lib\php\CheckLogin.php(279): spl_autoload_call('SystemCore\\PDO')
#2 C:\wamp64\www\Skeleton\lib\php\CheckLogin.php(220): SystemCore\CheckLogin->session_criticals()
#3 C:\wamp64\www\Skeleton\lib\php\CheckLogin.php(46): SystemCore\CheckLogin->new_login()
#4 C:\wamp64\www\Skeleton\login.php(13): SystemCore\CheckLogin->__construct()
#5 C:\wamp64\www\Skeleton\login.php(4): Login->__construct()
#6 {main}

================================================
Time : 20:00:52
HTTP_HOST : dev.skeleton.localdev
SCRIPT_NAME : /dev/index.php
REQUEST_URI : /dev/?debug=true

Severity : 8

File : C:\wamp64\www\Skeleton\lib\php\Session.php(265)

Message :
'Undefined index: last_updated'

Trace :
#0 C:\wamp64\www\Skeleton\lib\php\Session.php(265): SystemCore\{closure}(8, 'Undefined index...', 'C:\\wamp64\\www\\S...', 265, Array)
#1 C:\wamp64\www\Skeleton\lib\php\Session.php(52): SystemCore\Session->update_session_user_info()
#2 C:\wamp64\www\Skeleton\start.php(74): SystemCore\Session->__construct()
#3 C:\wamp64\www\Skeleton\dev\index.php(2): require('C:\\wamp64\\www\\S...')
#4 {main}

